<?xml version="1.0" encoding="UTF-8"?>
<!-- Generated by org.testng.reporters.JUnitReportReporter -->
<testsuite hostname="SZZ1-LDL-P90471" failures="0" tests="1" name="pl.globallogic.configuration.SeleniumConfigurationVerificationTest" time="7.265" errors="0" timestamp="2023-08-31T15:56:50 CEST" skipped="0">
  <testcase classname="pl.globallogic.configuration.SeleniumConfigurationVerificationTest" name="shouldNavigateToGoogleComAndVerifyPageTitle" time="7.265"/>
</testsuite> <!-- pl.globallogic.configuration.SeleniumConfigurationVerificationTest -->
