<?xml version="1.0" encoding="UTF-8"?>
<!-- Generated by org.testng.reporters.JUnitReportReporter -->
<testsuite hostname="Mateusz" failures="0" tests="1" name="pl.globallogic.etsy.wdcapatibilities.DrawCanvasDemoTest" time="13.146" errors="0" timestamp="2023-09-01T15:27:56 CEST" skipped="0">
  <testcase classname="pl.globallogic.etsy.wdcapatibilities.DrawCanvasDemoTest" name="shouldDrawCircleInCanvas" time="13.146"/>
</testsuite> <!-- pl.globallogic.etsy.wdcapatibilities.DrawCanvasDemoTest -->
