<?xml version="1.0" encoding="UTF-8"?>
<!-- Generated by org.testng.reporters.JUnitReportReporter -->
<testsuite hostname="SZZ1-LDL-P90471" failures="0" tests="1" name="pl.globallogic.configuration.TestNGConfigurationVerificationTest" time="0.003" errors="0" timestamp="2023-08-31T15:56:50 CEST" skipped="0">
  <testcase classname="pl.globallogic.configuration.TestNGConfigurationVerificationTest" name="shouldAlwaysBeTrue" time="0.003"/>
</testsuite> <!-- pl.globallogic.configuration.TestNGConfigurationVerificationTest -->
