<?xml version="1.0" encoding="UTF-8"?>
<!-- Generated by org.testng.reporters.JUnitReportReporter -->
<testsuite hostname="SZZ1-LDL-P90471" failures="0" tests="2" name="pl.globallogic.etsy.features.SearchFeatureVerificationTest" time="16.372" errors="0" timestamp="2023-08-31T15:56:50 CEST" skipped="0">
  <testcase classname="pl.globallogic.etsy.features.SearchFeatureVerificationTest" name="shouldDisplaySearchResultsForValidQuery" time="8.600"/>
  <testcase classname="pl.globallogic.etsy.features.SearchFeatureVerificationTest" name="shouldDisplayNotFoundPageForInvalidQuery" time="7.772"/>
</testsuite> <!-- pl.globallogic.etsy.features.SearchFeatureVerificationTest -->
