<?xml version="1.0" encoding="UTF-8"?>
<!-- Generated by org.testng.reporters.JUnitReportReporter -->
<testsuite hostname="Mateusz" failures="0" tests="2" name="pl.globallogic.etsy.wdcapatibilities.TimeoutDemoTest" time="21.356" errors="0" timestamp="2023-09-01T15:27:56 CEST" skipped="0">
  <testcase classname="pl.globallogic.etsy.wdcapatibilities.TimeoutDemoTest" name="shouldWaitForLandingPageImageToBeVisible" time="9.312"/>
  <testcase classname="pl.globallogic.etsy.wdcapatibilities.TimeoutDemoTest" name="shouldWaitUntilCalculationResultWillBePresent" time="12.044"/>
</testsuite> <!-- pl.globallogic.etsy.wdcapatibilities.TimeoutDemoTest -->
