<?xml version="1.0" encoding="UTF-8"?>
<!-- Generated by org.testng.reporters.JUnitReportReporter -->
<testsuite hostname="Mateusz" failures="0" tests="2" name="pl.globallogic.etsy.features.SearchFeatureVerificationTest" time="11.275" errors="0" timestamp="2023-08-31T17:11:22 CEST" skipped="0">
  <testcase classname="pl.globallogic.etsy.features.SearchFeatureVerificationTest" name="shouldDisplayNotFoundPageForInvalidQuery" time="5.492"/>
  <testcase classname="pl.globallogic.etsy.features.SearchFeatureVerificationTest" name="shouldDisplaySearchResultsForValidQuery" time="5.783"/>
</testsuite> <!-- pl.globallogic.etsy.features.SearchFeatureVerificationTest -->
