<?xml version="1.0" encoding="UTF-8"?>
<!-- Generated by org.testng.reporters.JUnitReportReporter -->
<testsuite hostname="Mateusz" failures="0" tests="1" name="pl.globallogic.configuration.SeleniumConfigurationVerificationTest" time="2.987" errors="0" timestamp="2023-08-31T17:11:22 CEST" skipped="0">
  <testcase classname="pl.globallogic.configuration.SeleniumConfigurationVerificationTest" name="shouldNavigateToGoogleComAndVerifyPageTitle" time="2.987"/>
</testsuite> <!-- pl.globallogic.configuration.SeleniumConfigurationVerificationTest -->
