<?xml version="1.0" encoding="UTF-8"?>
<!-- Generated by org.testng.reporters.JUnitReportReporter -->
<testsuite hostname="Mateusz" failures="0" tests="2" name="pl.globallogic.etsy.features.SearchFeatureVerificationTest" time="12.698" errors="0" timestamp="2023-09-01T15:27:56 CEST" skipped="0">
  <testcase classname="pl.globallogic.etsy.features.SearchFeatureVerificationTest" name="shouldDisplaySearchResultsForValidQuery" time="6.731"/>
  <testcase classname="pl.globallogic.etsy.features.SearchFeatureVerificationTest" name="shouldDisplayNotFoundPageForInvalidQuery" time="5.967"/>
</testsuite> <!-- pl.globallogic.etsy.features.SearchFeatureVerificationTest -->
