<?xml version="1.0" encoding="UTF-8"?>
<!-- Generated by org.testng.reporters.JUnitReportReporter -->
<testsuite hostname="Mateusz" failures="0" tests="2" name="pl.globallogic.etsy.features.SearchFeatureVerificationTest" time="11.053" errors="0" timestamp="2023-08-31T16:09:54 CEST" skipped="0">
  <testcase classname="pl.globallogic.etsy.features.SearchFeatureVerificationTest" name="shouldDisplayNotFoundPageForInvalidQuery" time="5.118"/>
  <testcase classname="pl.globallogic.etsy.features.SearchFeatureVerificationTest" name="shouldDisplaySearchResultsForValidQuery" time="5.935"/>
</testsuite> <!-- pl.globallogic.etsy.features.SearchFeatureVerificationTest -->
