<?xml version="1.0" encoding="UTF-8"?>
<!-- Generated by org.testng.reporters.JUnitReportReporter -->
<testsuite hostname="Mateusz" failures="0" tests="4" name="pl.globallogic.etsy.features.SearchResultFilteringFeatureTest" time="0.001" errors="0" timestamp="2023-09-01T15:27:56 CEST" skipped="0">
  <testcase classname="pl.globallogic.etsy.features.SearchResultFilteringFeatureTest" name="searchResultPriceFitPriceRangeAfterFiltering" time="0.000"/>
  <testcase classname="pl.globallogic.etsy.features.SearchResultFilteringFeatureTest" name="searchResultPageContentNotChangedIfFilterApplicationCanceled" time="0.000"/>
  <testcase classname="pl.globallogic.etsy.features.SearchResultFilteringFeatureTest" name="freeShippingTagNeedToBePresentAfterFiltering" time="0.001"/>
  <testcase classname="pl.globallogic.etsy.features.SearchResultFilteringFeatureTest" name="colorSelectionOptionShouldBeAvailableInItemDetailsViewAfterFilteringByColor" time="0.000"/>
</testsuite> <!-- pl.globallogic.etsy.features.SearchResultFilteringFeatureTest -->
